<?xml version="1.0" encoding="UTF-8"?>
<robot generator="Robot 6.1.1 (Python 3.12.0 on win32)" generated="20231211 20:44:37.203" rpa="false" schemaversion="4">
<suite id="s1" name="GUI LOGIN test" source="D:\Code\Portfolio\GUI_Testing_project\tests\GUI_LOGIN_test.robot">
<test id="s1-t1" name="Login With Valid Credentials" line="20">
<kw name="New Page">
<arg>https://www.saucedemo.com/</arg>
<msg timestamp="20231211 20:44:37.473" level="FAIL">No keyword with name 'New Page' found.</msg>
<status status="FAIL" starttime="20231211 20:44:37.473" endtime="20231211 20:44:37.473"/>
</kw>
<kw name="Fill Text">
<arg>id=user-name</arg>
<arg>${CORRECT_USERNAME}</arg>
<status status="NOT RUN" starttime="20231211 20:44:37.474" endtime="20231211 20:44:37.474"/>
</kw>
<kw name="Fill Text">
<arg>id=password</arg>
<arg>${CORRECT_PASSWORD}</arg>
<status status="NOT RUN" starttime="20231211 20:44:37.476" endtime="20231211 20:44:37.476"/>
</kw>
<kw name="Click">
<arg>id=login-button</arg>
<status status="NOT RUN" starttime="20231211 20:44:37.476" endtime="20231211 20:44:37.476"/>
</kw>
<doc>Logs in the service once</doc>
<status status="FAIL" starttime="20231211 20:44:37.472" endtime="20231211 20:44:37.477">No keyword with name 'New Page' found.</status>
</test>
<test id="s1-t2" name="Login With All Valid Usernames" line="27">
<for flavor="IN">
<var>${user}</var>
<value>@{CORRECT_USERNAMES}</value>
<iter>
<var name="${user}">standard_user</var>
<kw name="Log" library="BuiltIn">
<arg>${user}</arg>
<doc>Logs the given message with the given level.</doc>
<msg timestamp="20231211 20:44:37.479" level="INFO">standard_user</msg>
<status status="PASS" starttime="20231211 20:44:37.479" endtime="20231211 20:44:37.479"/>
</kw>
<kw name="New Page">
<arg>https://www.saucedemo.com/</arg>
<msg timestamp="20231211 20:44:37.479" level="FAIL">No keyword with name 'New Page' found.</msg>
<status status="FAIL" starttime="20231211 20:44:37.479" endtime="20231211 20:44:37.479"/>
</kw>
<kw name="Fill Text">
<arg>id=user-name</arg>
<arg>${user}</arg>
<status status="NOT RUN" starttime="20231211 20:44:37.480" endtime="20231211 20:44:37.480"/>
</kw>
<kw name="Fill Text">
<arg>id=password</arg>
<arg>${CORRECT_PASSWORD}</arg>
<status status="NOT RUN" starttime="20231211 20:44:37.481" endtime="20231211 20:44:37.481"/>
</kw>
<kw name="Take Screenshot">
<status status="NOT RUN" starttime="20231211 20:44:37.481" endtime="20231211 20:44:37.481"/>
</kw>
<kw name="Click">
<arg>id=login-button</arg>
<status status="NOT RUN" starttime="20231211 20:44:37.482" endtime="20231211 20:44:37.482"/>
</kw>
<status status="FAIL" starttime="20231211 20:44:37.479" endtime="20231211 20:44:37.482"/>
</iter>
<status status="FAIL" starttime="20231211 20:44:37.478" endtime="20231211 20:44:37.482"/>
</for>
<doc>Logs in the service with all the different
usernames provided by the site</doc>
<status status="FAIL" starttime="20231211 20:44:37.478" endtime="20231211 20:44:37.482">No keyword with name 'New Page' found.</status>
</test>
<test id="s1-t3" name="Login With Invalid Username" line="39">
<kw name="New Page">
<arg>https://www.saucedemo.com/</arg>
<msg timestamp="20231211 20:44:37.488" level="FAIL">No keyword with name 'New Page' found.</msg>
<status status="FAIL" starttime="20231211 20:44:37.488" endtime="20231211 20:44:37.488"/>
</kw>
<kw name="Fill Text">
<arg>id=user-name</arg>
<arg>${WRONG_USERNAME}</arg>
<status status="NOT RUN" starttime="20231211 20:44:37.489" endtime="20231211 20:44:37.489"/>
</kw>
<kw name="Fill Text">
<arg>id=password</arg>
<arg>${CORRECT_PASSWORD}</arg>
<status status="NOT RUN" starttime="20231211 20:44:37.490" endtime="20231211 20:44:37.490"/>
</kw>
<kw name="Click">
<arg>id=login-button</arg>
<status status="NOT RUN" starttime="20231211 20:44:37.491" endtime="20231211 20:44:37.491"/>
</kw>
<kw name="Get Element By Role">
<var>${error}</var>
<arg>heading</arg>
<arg>name=${error_message_auth_error}</arg>
<status status="NOT RUN" starttime="20231211 20:44:37.491" endtime="20231211 20:44:37.491"/>
</kw>
<kw name="Get Element States">
<arg>${error}</arg>
<arg>contains</arg>
<arg>visible</arg>
<status status="NOT RUN" starttime="20231211 20:44:37.492" endtime="20231211 20:44:37.492"/>
</kw>
<doc>Attempts to log in the service with invalid username</doc>
<status status="FAIL" starttime="20231211 20:44:37.485" endtime="20231211 20:44:37.492">No keyword with name 'New Page' found.</status>
</test>
<test id="s1-t4" name="Login With Invalid Password" line="48">
<kw name="New Page">
<arg>https://www.saucedemo.com/</arg>
<msg timestamp="20231211 20:44:37.495" level="FAIL">No keyword with name 'New Page' found.</msg>
<status status="FAIL" starttime="20231211 20:44:37.495" endtime="20231211 20:44:37.495"/>
</kw>
<kw name="Fill Text">
<arg>id=user-name</arg>
<arg>${CORRECT_USERNAME}</arg>
<status status="NOT RUN" starttime="20231211 20:44:37.496" endtime="20231211 20:44:37.496"/>
</kw>
<kw name="Fill Text">
<arg>id=password</arg>
<arg>${wrong_password}</arg>
<status status="NOT RUN" starttime="20231211 20:44:37.496" endtime="20231211 20:44:37.496"/>
</kw>
<kw name="Click">
<arg>id=login-button</arg>
<status status="NOT RUN" starttime="20231211 20:44:37.497" endtime="20231211 20:44:37.497"/>
</kw>
<kw name="Get Element By Role">
<var>${error}</var>
<arg>heading</arg>
<arg>name=${error_message_auth_error}</arg>
<status status="NOT RUN" starttime="20231211 20:44:37.498" endtime="20231211 20:44:37.498"/>
</kw>
<kw name="Get Element States">
<arg>${error}</arg>
<arg>contains</arg>
<arg>visible</arg>
<status status="NOT RUN" starttime="20231211 20:44:37.499" endtime="20231211 20:44:37.499"/>
</kw>
<doc>Attempts to log in the service with invalid password</doc>
<status status="FAIL" starttime="20231211 20:44:37.494" endtime="20231211 20:44:37.499">No keyword with name 'New Page' found.</status>
</test>
<test id="s1-t5" name="Login With No Credentials" line="57">
<kw name="New Page">
<arg>https://www.saucedemo.com/</arg>
<msg timestamp="20231211 20:44:37.503" level="FAIL">No keyword with name 'New Page' found.</msg>
<status status="FAIL" starttime="20231211 20:44:37.503" endtime="20231211 20:44:37.503"/>
</kw>
<kw name="Click">
<arg>id=login-button</arg>
<status status="NOT RUN" starttime="20231211 20:44:37.503" endtime="20231211 20:44:37.504"/>
</kw>
<kw name="Get Element By Role">
<var>${error}</var>
<arg>heading</arg>
<arg>name=${ERROR_MESSAGE_USERNAME_REQ}</arg>
<status status="NOT RUN" starttime="20231211 20:44:37.504" endtime="20231211 20:44:37.504"/>
</kw>
<kw name="Get Element States">
<arg>${error}</arg>
<arg>contains</arg>
<arg>visible</arg>
<status status="NOT RUN" starttime="20231211 20:44:37.505" endtime="20231211 20:44:37.505"/>
</kw>
<doc>Attempts to log in the service without inputs</doc>
<status status="FAIL" starttime="20231211 20:44:37.500" endtime="20231211 20:44:37.505">No keyword with name 'New Page' found.</status>
</test>
<test id="s1-t6" name="Login With No Username" line="64">
<kw name="New Page">
<arg>https://www.saucedemo.com/</arg>
<msg timestamp="20231211 20:44:37.510" level="FAIL">No keyword with name 'New Page' found.</msg>
<status status="FAIL" starttime="20231211 20:44:37.510" endtime="20231211 20:44:37.510"/>
</kw>
<kw name="Fill Text">
<arg>id=password</arg>
<arg>${CORRECT_PASSWORD}</arg>
<status status="NOT RUN" starttime="20231211 20:44:37.511" endtime="20231211 20:44:37.511"/>
</kw>
<kw name="Click">
<arg>id=login-button</arg>
<status status="NOT RUN" starttime="20231211 20:44:37.511" endtime="20231211 20:44:37.511"/>
</kw>
<kw name="Get Element By Role">
<var>${error}</var>
<arg>heading</arg>
<arg>name=${ERROR_MESSAGE_USERNAME_REQ}</arg>
<status status="NOT RUN" starttime="20231211 20:44:37.512" endtime="20231211 20:44:37.512"/>
</kw>
<kw name="Get Element States">
<arg>${error}</arg>
<arg>contains</arg>
<arg>visible</arg>
<status status="NOT RUN" starttime="20231211 20:44:37.513" endtime="20231211 20:44:37.513"/>
</kw>
<doc>Attempts to log in the service without username</doc>
<status status="FAIL" starttime="20231211 20:44:37.509" endtime="20231211 20:44:37.513">No keyword with name 'New Page' found.</status>
</test>
<test id="s1-t7" name="Login With No Password" line="72">
<kw name="New Page">
<arg>https://www.saucedemo.com/</arg>
<msg timestamp="20231211 20:44:37.519" level="FAIL">No keyword with name 'New Page' found.</msg>
<status status="FAIL" starttime="20231211 20:44:37.519" endtime="20231211 20:44:37.519"/>
</kw>
<kw name="Fill Text">
<arg>id=user-name</arg>
<arg>${CORRECT_USERNAME}</arg>
<status status="NOT RUN" starttime="20231211 20:44:37.520" endtime="20231211 20:44:37.520"/>
</kw>
<kw name="Click">
<arg>id=login-button</arg>
<status status="NOT RUN" starttime="20231211 20:44:37.521" endtime="20231211 20:44:37.521"/>
</kw>
<kw name="Get Element By Role">
<var>${error}</var>
<arg>heading</arg>
<arg>name=${ERROR_MESSAGE_PASSWORD_REQ}</arg>
<status status="NOT RUN" starttime="20231211 20:44:37.522" endtime="20231211 20:44:37.522"/>
</kw>
<kw name="Get Element States">
<arg>${error}</arg>
<arg>contains</arg>
<arg>visible</arg>
<status status="NOT RUN" starttime="20231211 20:44:37.522" endtime="20231211 20:44:37.523"/>
</kw>
<doc>Attempts to log in the service without password</doc>
<status status="FAIL" starttime="20231211 20:44:37.518" endtime="20231211 20:44:37.523">No keyword with name 'New Page' found.</status>
</test>
<doc>Using Browser-library to perform simple GUI testing
on the login part of the website</doc>
<status status="FAIL" starttime="20231211 20:44:37.204" endtime="20231211 20:44:37.524"/>
</suite>
<statistics>
<total>
<stat pass="0" fail="7" skip="0">All Tests</stat>
</total>
<tag>
</tag>
<suite>
<stat pass="0" fail="7" skip="0" id="s1" name="GUI LOGIN test">GUI LOGIN test</stat>
</suite>
</statistics>
<errors>
<msg timestamp="20231211 20:44:37.469" level="ERROR">Error in file 'D:\Code\Portfolio\GUI_Testing_project\tests\GUI_LOGIN_test.robot' on line 4: Initializing library 'Browser' with no arguments failed: Could not find node dependencies in installation directory `C:\Users\Roni\AppData\Local\Programs\Python\Python312\Lib\site-packages\Browser\wrapper.` Run `rfbrowser init` to install the dependencies.
Traceback (most recent call last):
  File "C:\Users\Roni\AppData\Local\Programs\Python\Python312\Lib\site-packages\Browser\browser.py", line 820, in __init__
    self.playwright = Playwright(
                      ^^^^^^^^^^^
  File "C:\Users\Roni\AppData\Local\Programs\Python\Python312\Lib\site-packages\Browser\playwright.py", line 53, in __init__
    self.ensure_node_dependencies()
  File "C:\Users\Roni\AppData\Local\Programs\Python\Python312\Lib\site-packages\Browser\playwright.py", line 85, in ensure_node_dependencies
    raise RuntimeError(
RuntimeError: Could not find node dependencies in installation directory `C:\Users\Roni\AppData\Local\Programs\Python\Python312\Lib\site-packages\Browser\wrapper.` Run `rfbrowser init` to install the dependencies.</msg>
</errors>
</robot>
